<?xml version="1.0" encoding="UTF-8"?>
<!-- Generated by org.testng.reporters.JUnitReportReporter -->
<testsuite hostname="DESKTOP-VR2MUK1" name="gappp.model.dao.UserDaoTest" tests="2" failures="0" timestamp="8 Feb 2016 22:37:56 GMT" time="0.411" errors="0">
  <testcase name="getUsers" time="0.170" classname="gappp.model.dao.UserDaoTest"/>
  <testcase name="getUser" time="0.241" classname="gappp.model.dao.UserDaoTest"/>
</testsuite> <!-- gappp.model.dao.UserDaoTest -->
