<?xml version="1.0" encoding="UTF-8"?>
<!-- Generated by org.testng.reporters.JUnitReportReporter -->
<testsuite hostname="DESKTOP-VR2MUK1" name="gappp.model.dao.DepartmentDaoTest" tests="1" failures="0" timestamp="11 Feb 2016 20:33:57 GMT" time="0.203" errors="0">
  <testcase name="getUsers" time="0.203" classname="gappp.model.dao.DepartmentDaoTest"/>
</testsuite> <!-- gappp.model.dao.DepartmentDaoTest -->
