<?xml version="1.0" encoding="UTF-8"?>
<!-- Generated by org.testng.reporters.JUnitReportReporter -->
<testsuite hostname="DESKTOP-VR2MUK1" name="gappp.model.dao.StudentDaoTest" tests="1" failures="0" timestamp="11 Feb 2016 20:34:13 GMT" time="0.250" errors="0">
  <testcase name="getApplication" time="0.250" classname="gappp.model.dao.StudentDaoTest"/>
</testsuite> <!-- gappp.model.dao.StudentDaoTest -->
