<?xml version="1.0" encoding="UTF-8"?>
<!-- Generated by org.testng.reporters.JUnitReportReporter -->
<testsuite hostname="DESKTOP-VR2MUK1" name="gappp.model.dao.ApplicationDaoTest" tests="1" failures="0" timestamp="8 Mar 2016 06:09:49 GMT" time="0.064" errors="0">
  <testcase name="getApplication" time="0.064" classname="gappp.model.dao.ApplicationDaoTest"/>
</testsuite> <!-- gappp.model.dao.ApplicationDaoTest -->
