<?xml version="1.0" encoding="UTF-8"?>
<!-- Generated by org.testng.reporters.JUnitReportReporter -->
<testsuite hostname="DESKTOP-VR2MUK1" name="gappp.model.dao.UserDaoTest" tests="2" failures="0" timestamp="8 Mar 2016 06:09:49 GMT" time="0.000" errors="0">
  <testcase name="getUser" time="0.000" classname="gappp.model.dao.UserDaoTest"/>
  <testcase name="getUsers" time="0.000" classname="gappp.model.dao.UserDaoTest"/>
</testsuite> <!-- gappp.model.dao.UserDaoTest -->
